24-04-24.17:51:59.102 [main            ] INFO  RuleTreeNodeDaoTest    - Starting RuleTreeNodeDaoTest using Java 17.0.6 on DESKTOP-BU4MLU6 with PID 8692 (started by kitie in D:\javaProject\big-market\big-market-app)
24-04-24.17:51:59.103 [main            ] INFO  RuleTreeNodeDaoTest    - The following 1 profile is active: "local"
24-04-24.17:51:59.929 [main            ] INFO  RepositoryConfigurationDelegate - Multiple Spring Data modules found, entering strict repository configuration mode
24-04-24.17:51:59.933 [main            ] INFO  RepositoryConfigurationDelegate - Bootstrapping Spring Data Redis repositories in DEFAULT mode.
24-04-24.17:51:59.972 [main            ] INFO  RepositoryConfigurationDelegate - Finished Spring Data repository scanning in 24 ms. Found 0 Redis repository interfaces.
24-04-24.17:52:01.240 [main            ] INFO  Version                - Redisson 3.26.0
24-04-24.17:52:01.540 [redisson-netty-1-5] INFO  ConnectionsHolder      - 1 connections initialized for localhost/127.0.0.1:6379
24-04-24.17:52:01.553 [redisson-netty-1-14] INFO  ConnectionsHolder      - 5 connections initialized for localhost/127.0.0.1:6379
24-04-24.17:52:04.044 [main            ] INFO  EndpointLinksResolver  - Exposing 1 endpoint(s) beneath base path '/actuator'
24-04-24.17:52:04.168 [main            ] INFO  CachingConnectionFactory - Attempting to connect to: [154.201.80.213:5672]
24-04-24.17:52:04.432 [main            ] INFO  CachingConnectionFactory - Created new connection: rabbitConnectionFactory#1af82ba8:0/SimpleConnection@2165d4ab [delegate=amqp://admin@154.201.80.213:5672/, localPort= 51093]
24-04-24.17:52:04.983 [main            ] INFO  RuleTreeNodeDaoTest    - Started RuleTreeNodeDaoTest in 6.22 seconds (JVM running for 6.829)
24-04-24.17:52:05.076 [pool-3-thread-2 ] INFO  HikariDataSource       - Retail_HikariCP - Starting...
24-04-24.17:52:05.076 [pool-3-thread-1 ] INFO  HikariDataSource       - Retail_HikariCP - Starting...
24-04-24.17:52:05.318 [pool-3-thread-1 ] INFO  HikariDataSource       - Retail_HikariCP - Start completed.
24-04-24.17:52:05.318 [pool-3-thread-2 ] INFO  HikariDataSource       - Retail_HikariCP - Start completed.
24-04-24.17:52:05.410 [main            ] INFO  HikariDataSource       - Retail_HikariCP - Starting...
24-04-24.17:52:05.427 [main            ] INFO  HikariDataSource       - Retail_HikariCP - Start completed.
24-04-24.17:52:05.715 [main            ] INFO  RuleTreeNodeDaoTest    - 测试结果：[{"ruleValue":"20","treeId":"tree_lock_1"},{"ruleValue":"30","treeId":"tree_lock_2"}]
24-04-24.17:52:05.753 [org.springframework.amqp.rabbit.RabbitListenerEndpointContainer#0-2] INFO  SimpleMessageListenerContainer - Waiting for workers to finish.
24-04-24.17:52:05.777 [org.springframework.amqp.rabbit.RabbitListenerEndpointContainer#1-2] INFO  SimpleMessageListenerContainer - Waiting for workers to finish.
24-04-24.17:52:05.869 [org.springframework.amqp.rabbit.RabbitListenerEndpointContainer#0-2] INFO  SimpleMessageListenerContainer - Successfully waited for workers to finish.
24-04-24.17:52:06.003 [org.springframework.amqp.rabbit.RabbitListenerEndpointContainer#1-2] INFO  SimpleMessageListenerContainer - Successfully waited for workers to finish.
24-04-24.17:52:06.006 [SpringApplicationShutdownHook] INFO  SimpleMessageListenerContainer - Shutdown ignored - container is already stopped
24-04-24.17:52:06.007 [SpringApplicationShutdownHook] INFO  SimpleMessageListenerContainer - Shutdown ignored - container is already stopped
